<?xml version="1.0" encoding="UTF-8"?>
<!-- Generated by org.testng.reporters.JUnitReportReporter -->
<testsuite skipped="0" hostname="DESKTOP-N60QB27" name="testcases.CreateCustomerTest" tests="1" failures="0" timestamp="2022-11-19T00:07:46 IST" time="3.459" errors="0">
  <testcase name="getCustomerAPIWithValidSecretKey" time="3.459" classname="testcases.CreateCustomerTest"/>
  <system-out/>
</testsuite> <!-- testcases.CreateCustomerTest -->
