<?xml version="1.0" encoding="UTF-8"?>
<!-- Generated by org.testng.reporters.JUnitReportReporter -->
<testsuite skipped="0" hostname="DESKTOP-N60QB27" name="rough.TestExcel2" tests="2" failures="0" timestamp="2022-11-19T15:21:05 IST" time="0.012" errors="0">
  <testcase name="test1" time="0.001" classname="rough.TestExcel2"/>
  <system-out/>
  <testcase name="test1" time="0.011" classname="rough.TestExcel2"/>
  <system-out/>
</testsuite> <!-- rough.TestExcel2 -->
