<?xml version="1.0" encoding="UTF-8"?>
<!-- Generated by org.testng.reporters.JUnitReportReporter -->
<testsuite skipped="0" hostname="DESKTOP-N60QB27" name="rough.Test3" tests="2" failures="0" timestamp="2022-11-19T15:20:01 IST" time="0.012" errors="0">
  <testcase name="t1" time="0.009" classname="rough.Test3"/>
  <system-out/>
  <testcase name="t1" time="0.003" classname="rough.Test3"/>
  <system-out/>
</testsuite> <!-- rough.Test3 -->
