<?xml version="1.0" encoding="UTF-8"?>
<!-- Generated by org.testng.reporters.JUnitReportReporter -->
<testsuite skipped="1" hostname="DESKTOP-N60QB27" name="rough.TestExcel" tests="1" failures="0" timestamp="2022-11-19T15:04:00 IST" time="0.000" errors="0">
  <testcase name="test1" time="0.000" classname="rough.TestExcel">
    <skipped/>
  </testcase> <!-- test1 -->
  <system-out/>
</testsuite> <!-- rough.TestExcel -->
