<?xml version="1.0" encoding="UTF-8"?>
<!-- Generated by org.testng.reporters.JUnitReportReporter -->
<testsuite skipped="0" hostname="DESKTOP-N60QB27" name="testcases.RetrieveCustomer" tests="1" failures="0" timestamp="2022-11-19T13:29:35 IST" time="3.248" errors="0">
  <testcase name="getCustomerTest" time="3.248" classname="testcases.RetrieveCustomer"/>
  <system-out/>
</testsuite> <!-- testcases.RetrieveCustomer -->
